This file contains any messages produced by compilers while
running configure, to aid debugging if configure makes a mistake.

It was created by pByte configure 0.1, which was
generated by GNU Autoconf 2.69.  Invocation command line was

  $ ./configure 

## --------- ##
## Platform. ##
## --------- ##

hostname = lightstorm.iworks.srv.br
uname -m = x86_64
uname -r = 3.12.2-gentoo
uname -s = Linux
uname -v = #3 SMP Sun Dec 8 21:32:07 BRST 2013

/usr/bin/uname -p = AMD FX(tm)-8350 Eight-Core Processor
/bin/uname -X     = unknown

/bin/arch              = unknown
/usr/bin/arch -k       = unknown
/usr/convex/getsysinfo = unknown
/usr/bin/hostinfo      = unknown
/bin/machine           = unknown
/usr/bin/oslevel       = unknown
/bin/universe          = unknown

PATH: /usr/local/bin
PATH: /usr/bin
PATH: /bin
PATH: /opt/bin
PATH: /usr/x86_64-pc-linux-gnu/gcc-bin/4.7.3
PATH: /usr/games/bin


## ----------- ##
## Core tests. ##
## ----------- ##

configure:2078: checking for a BSD-compatible install
configure:2146: result: /usr/bin/install -c
configure:2157: checking whether build environment is sane
configure:2212: result: yes
configure:2363: checking for a thread-safe mkdir -p
configure:2402: result: /bin/mkdir -p
configure:2409: checking for gawk
configure:2425: found /usr/bin/gawk
configure:2436: result: gawk
configure:2447: checking whether make sets $(MAKE)
configure:2469: result: yes
configure:2498: checking whether make supports nested variables
configure:2515: result: yes
configure:2690: checking for gcc
configure:2706: found /usr/bin/gcc
configure:2717: result: gcc
configure:2946: checking for C compiler version
configure:2955: gcc --version >&5
gcc (Gentoo 4.7.3-r1 p1.4, pie-0.5.5) 4.7.3
Copyright (C) 2012 Free Software Foundation, Inc.
This is free software; see the source for copying conditions.  There is NO
warranty; not even for MERCHANTABILITY or FITNESS FOR A PARTICULAR PURPOSE.

configure:2966: $? = 0
configure:2955: gcc -v >&5
Using built-in specs.
COLLECT_GCC=/usr/x86_64-pc-linux-gnu/gcc-bin/4.7.3/gcc
COLLECT_LTO_WRAPPER=/usr/libexec/gcc/x86_64-pc-linux-gnu/4.7.3/lto-wrapper
Target: x86_64-pc-linux-gnu
Configured with: /var/tmp/portage/sys-devel/gcc-4.7.3-r1/work/gcc-4.7.3/configure --host=x86_64-pc-linux-gnu --build=x86_64-pc-linux-gnu --prefix=/usr --bindir=/usr/x86_64-pc-linux-gnu/gcc-bin/4.7.3 --includedir=/usr/lib/gcc/x86_64-pc-linux-gnu/4.7.3/include --datadir=/usr/share/gcc-data/x86_64-pc-linux-gnu/4.7.3 --mandir=/usr/share/gcc-data/x86_64-pc-linux-gnu/4.7.3/man --infodir=/usr/share/gcc-data/x86_64-pc-linux-gnu/4.7.3/info --with-gxx-include-dir=/usr/lib/gcc/x86_64-pc-linux-gnu/4.7.3/include/g++-v4 --with-python-dir=/share/gcc-data/x86_64-pc-linux-gnu/4.7.3/python --enable-languages=c,c++,fortran --enable-obsolete --enable-secureplt --disable-werror --with-system-zlib --enable-nls --without-included-gettext --enable-checking=release --with-bugurl=https://bugs.gentoo.org/ --with-pkgversion='Gentoo 4.7.3-r1 p1.4, pie-0.5.5' --enable-libstdcxx-time --enable-shared --enable-threads=posix --enable-__cxa_atexit --enable-clocale=gnu --enable-multilib --with-multilib-list=m32,m64 --disable-altivec --disable-fixed-point --enable-targets=all --disable-libgcj --enable-libgomp --enable-libmudflap --disable-libssp --enable-lto --without-cloog --without-ppl
Thread model: posix
gcc version 4.7.3 (Gentoo 4.7.3-r1 p1.4, pie-0.5.5) 
configure:2966: $? = 0
configure:2955: gcc -V >&5
gcc: error: unrecognized command line option '-V'
gcc: fatal error: no input files
compilation terminated.
configure:2966: $? = 1
configure:2955: gcc -qversion >&5
gcc: error: unrecognized command line option '-qversion'
gcc: fatal error: no input files
compilation terminated.
configure:2966: $? = 1
configure:2986: checking whether the C compiler works
configure:3008: gcc    conftest.c  >&5
configure:3012: $? = 0
configure:3060: result: yes
configure:3063: checking for C compiler default output file name
configure:3065: result: a.out
configure:3071: checking for suffix of executables
configure:3078: gcc -o conftest    conftest.c  >&5
configure:3082: $? = 0
configure:3104: result: 
configure:3126: checking whether we are cross compiling
configure:3134: gcc -o conftest    conftest.c  >&5
configure:3138: $? = 0
configure:3145: ./conftest
configure:3149: $? = 0
configure:3164: result: no
configure:3169: checking for suffix of object files
configure:3191: gcc -c   conftest.c >&5
configure:3195: $? = 0
configure:3216: result: o
configure:3220: checking whether we are using the GNU C compiler
configure:3239: gcc -c   conftest.c >&5
configure:3239: $? = 0
configure:3248: result: yes
configure:3257: checking whether gcc accepts -g
configure:3277: gcc -c -g  conftest.c >&5
configure:3277: $? = 0
configure:3318: result: yes
configure:3335: checking for gcc option to accept ISO C89
configure:3398: gcc  -c -g -O2  conftest.c >&5
configure:3398: $? = 0
configure:3411: result: none needed
configure:3436: checking whether gcc understands -c and -o together
configure:3458: gcc -c conftest.c -o conftest2.o
configure:3461: $? = 0
configure:3458: gcc -c conftest.c -o conftest2.o
configure:3461: $? = 0
configure:3473: result: yes
configure:3501: checking for style of include used by make
configure:3529: result: GNU
configure:3555: checking dependency style of gcc
configure:3666: result: gcc3
configure:3691: checking how to run the C preprocessor
configure:3722: gcc -E  conftest.c
configure:3722: $? = 0
configure:3736: gcc -E  conftest.c
conftest.c:11:28: fatal error: ac_nonexistent.h: No such file or directory
compilation terminated.
configure:3736: $? = 1
configure: failed program was:
| /* confdefs.h */
| #define PACKAGE_NAME "pByte"
| #define PACKAGE_TARNAME "pbyte"
| #define PACKAGE_VERSION "0.1"
| #define PACKAGE_STRING "pByte 0.1"
| #define PACKAGE_BUGREPORT "leo@iworks.srv.br"
| #define PACKAGE_URL ""
| #define PACKAGE "pbyte"
| #define VERSION "0.1"
| /* end confdefs.h.  */
| #include <ac_nonexistent.h>
configure:3761: result: gcc -E
configure:3781: gcc -E  conftest.c
configure:3781: $? = 0
configure:3795: gcc -E  conftest.c
conftest.c:11:28: fatal error: ac_nonexistent.h: No such file or directory
compilation terminated.
configure:3795: $? = 1
configure: failed program was:
| /* confdefs.h */
| #define PACKAGE_NAME "pByte"
| #define PACKAGE_TARNAME "pbyte"
| #define PACKAGE_VERSION "0.1"
| #define PACKAGE_STRING "pByte 0.1"
| #define PACKAGE_BUGREPORT "leo@iworks.srv.br"
| #define PACKAGE_URL ""
| #define PACKAGE "pbyte"
| #define VERSION "0.1"
| /* end confdefs.h.  */
| #include <ac_nonexistent.h>
configure:3824: checking for grep that handles long lines and -e
configure:3882: result: /bin/grep
configure:3887: checking for egrep
configure:3949: result: /bin/grep -E
configure:3954: checking for ANSI C header files
configure:3974: gcc -c -g -O2  conftest.c >&5
configure:3974: $? = 0
configure:4047: gcc -o conftest -g -O2   conftest.c  >&5
configure:4047: $? = 0
configure:4047: ./conftest
configure:4047: $? = 0
configure:4058: result: yes
configure:4071: checking for sys/types.h
configure:4071: gcc -c -g -O2  conftest.c >&5
configure:4071: $? = 0
configure:4071: result: yes
configure:4071: checking for sys/stat.h
configure:4071: gcc -c -g -O2  conftest.c >&5
configure:4071: $? = 0
configure:4071: result: yes
configure:4071: checking for stdlib.h
configure:4071: gcc -c -g -O2  conftest.c >&5
configure:4071: $? = 0
configure:4071: result: yes
configure:4071: checking for string.h
configure:4071: gcc -c -g -O2  conftest.c >&5
configure:4071: $? = 0
configure:4071: result: yes
configure:4071: checking for memory.h
configure:4071: gcc -c -g -O2  conftest.c >&5
configure:4071: $? = 0
configure:4071: result: yes
configure:4071: checking for strings.h
configure:4071: gcc -c -g -O2  conftest.c >&5
configure:4071: $? = 0
configure:4071: result: yes
configure:4071: checking for inttypes.h
configure:4071: gcc -c -g -O2  conftest.c >&5
configure:4071: $? = 0
configure:4071: result: yes
configure:4071: checking for stdint.h
configure:4071: gcc -c -g -O2  conftest.c >&5
configure:4071: $? = 0
configure:4071: result: yes
configure:4071: checking for unistd.h
configure:4071: gcc -c -g -O2  conftest.c >&5
configure:4071: $? = 0
configure:4071: result: yes
configure:4085: checking for stdlib.h
configure:4085: result: yes
configure:4211: checking that generated files are newer than configure
configure:4217: result: done
configure:4240: creating ./config.status

## ---------------------- ##
## Running config.status. ##
## ---------------------- ##

This file was extended by pByte config.status 0.1, which was
generated by GNU Autoconf 2.69.  Invocation command line was

  CONFIG_FILES    = 
  CONFIG_HEADERS  = 
  CONFIG_LINKS    = 
  CONFIG_COMMANDS = 
  $ ./config.status 

on lightstorm.iworks.srv.br

config.status:854: creating Makefile
config.status:854: creating src/bin/Makefile
config.status:854: creating config.h
config.status:1083: executing depfiles commands

## ---------------- ##
## Cache variables. ##
## ---------------- ##

ac_cv_c_compiler_gnu=yes
ac_cv_env_CC_set=
ac_cv_env_CC_value=
ac_cv_env_CFLAGS_set=
ac_cv_env_CFLAGS_value=
ac_cv_env_CPPFLAGS_set=
ac_cv_env_CPPFLAGS_value=
ac_cv_env_CPP_set=
ac_cv_env_CPP_value=
ac_cv_env_LDFLAGS_set=
ac_cv_env_LDFLAGS_value=
ac_cv_env_LIBS_set=
ac_cv_env_LIBS_value=
ac_cv_env_build_alias_set=
ac_cv_env_build_alias_value=
ac_cv_env_host_alias_set=
ac_cv_env_host_alias_value=
ac_cv_env_target_alias_set=
ac_cv_env_target_alias_value=
ac_cv_header_inttypes_h=yes
ac_cv_header_memory_h=yes
ac_cv_header_stdc=yes
ac_cv_header_stdint_h=yes
ac_cv_header_stdlib_h=yes
ac_cv_header_string_h=yes
ac_cv_header_strings_h=yes
ac_cv_header_sys_stat_h=yes
ac_cv_header_sys_types_h=yes
ac_cv_header_unistd_h=yes
ac_cv_objext=o
ac_cv_path_EGREP='/bin/grep -E'
ac_cv_path_GREP=/bin/grep
ac_cv_path_install='/usr/bin/install -c'
ac_cv_path_mkdir=/bin/mkdir
ac_cv_prog_AWK=gawk
ac_cv_prog_CPP='gcc -E'
ac_cv_prog_ac_ct_CC=gcc
ac_cv_prog_cc_c89=
ac_cv_prog_cc_g=yes
ac_cv_prog_make_make_set=yes
am_cv_CC_dependencies_compiler_type=gcc3
am_cv_make_support_nested_variables=yes
am_cv_prog_cc_c_o=yes

## ----------------- ##
## Output variables. ##
## ----------------- ##

ACLOCAL='${SHELL} /home/leo/fontes/c++/pByte/missing aclocal-1.14'
AMDEPBACKSLASH='\'
AMDEP_FALSE='#'
AMDEP_TRUE=''
AMTAR='$${TAR-tar}'
AM_BACKSLASH='\'
AM_DEFAULT_V='$(AM_DEFAULT_VERBOSITY)'
AM_DEFAULT_VERBOSITY='1'
AM_V='$(V)'
AUTOCONF='${SHELL} /home/leo/fontes/c++/pByte/missing autoconf'
AUTOHEADER='${SHELL} /home/leo/fontes/c++/pByte/missing autoheader'
AUTOMAKE='${SHELL} /home/leo/fontes/c++/pByte/missing automake-1.14'
AWK='gawk'
CC='gcc'
CCDEPMODE='depmode=gcc3'
CFLAGS='-g -O2'
CPP='gcc -E'
CPPFLAGS=''
CYGPATH_W='echo'
DEFS='-DHAVE_CONFIG_H'
DEPDIR='.deps'
ECHO_C=''
ECHO_N='-n'
ECHO_T=''
EGREP='/bin/grep -E'
EXEEXT=''
GREP='/bin/grep'
INSTALL_DATA='${INSTALL} -m 644'
INSTALL_PROGRAM='${INSTALL}'
INSTALL_SCRIPT='${INSTALL}'
INSTALL_STRIP_PROGRAM='$(install_sh) -c -s'
LDFLAGS=''
LIBOBJS=''
LIBS=''
LTLIBOBJS=''
MAKEINFO='${SHELL} /home/leo/fontes/c++/pByte/missing makeinfo'
MKDIR_P='/bin/mkdir -p'
OBJEXT='o'
PACKAGE='pbyte'
PACKAGE_BUGREPORT='leo@iworks.srv.br'
PACKAGE_NAME='pByte'
PACKAGE_STRING='pByte 0.1'
PACKAGE_TARNAME='pbyte'
PACKAGE_URL=''
PACKAGE_VERSION='0.1'
PATH_SEPARATOR=':'
SET_MAKE=''
SHELL='/bin/sh'
STRIP=''
VERSION='0.1'
ac_ct_CC='gcc'
am__EXEEXT_FALSE=''
am__EXEEXT_TRUE='#'
am__fastdepCC_FALSE='#'
am__fastdepCC_TRUE=''
am__include='include'
am__isrc=''
am__leading_dot='.'
am__nodep='_no'
am__quote=''
am__tar='$${TAR-tar} chof - "$$tardir"'
am__untar='$${TAR-tar} xf -'
bindir='${exec_prefix}/bin'
build_alias=''
datadir='${datarootdir}'
datarootdir='${prefix}/share'
docdir='${datarootdir}/doc/${PACKAGE_TARNAME}'
dvidir='${docdir}'
exec_prefix='${prefix}'
host_alias=''
htmldir='${docdir}'
includedir='${prefix}/include'
infodir='${datarootdir}/info'
install_sh='${SHELL} /home/leo/fontes/c++/pByte/install-sh'
libdir='${exec_prefix}/lib'
libexecdir='${exec_prefix}/libexec'
localedir='${datarootdir}/locale'
localstatedir='${prefix}/var'
mandir='${datarootdir}/man'
mkdir_p='$(MKDIR_P)'
oldincludedir='/usr/include'
pdfdir='${docdir}'
prefix='/usr/local'
program_transform_name='s,x,x,'
psdir='${docdir}'
sbindir='${exec_prefix}/sbin'
sharedstatedir='${prefix}/com'
sysconfdir='${prefix}/etc'
target_alias=''

## ----------- ##
## confdefs.h. ##
## ----------- ##

/* confdefs.h */
#define PACKAGE_NAME "pByte"
#define PACKAGE_TARNAME "pbyte"
#define PACKAGE_VERSION "0.1"
#define PACKAGE_STRING "pByte 0.1"
#define PACKAGE_BUGREPORT "leo@iworks.srv.br"
#define PACKAGE_URL ""
#define PACKAGE "pbyte"
#define VERSION "0.1"
#define STDC_HEADERS 1
#define HAVE_SYS_TYPES_H 1
#define HAVE_SYS_STAT_H 1
#define HAVE_STDLIB_H 1
#define HAVE_STRING_H 1
#define HAVE_MEMORY_H 1
#define HAVE_STRINGS_H 1
#define HAVE_INTTYPES_H 1
#define HAVE_STDINT_H 1
#define HAVE_UNISTD_H 1
#define HAVE_STDLIB_H 1

configure: exit 0
